## SLURM PROLOG ###############################################################
##    Job ID : 1133002
##  Job Name : oceanpath_pretrain
##  Nodelist : gpu2103
##      CPUs : 2
##  Mem/Node : 98304 MB
## Directory : /oscar/home/yliu802/brown_cs/OceanPath
##   Job Started : Mon Mar 30 17:19:30 EDT 2026
###############################################################################
Node: gpu2103
Tasks: 2  CPUs/task: 6
index, name, memory.total [MiB]
0, NVIDIA GeForce RTX 3090, 24576 MiB
1, NVIDIA GeForce RTX 3090, 24576 MiB
Python: /oscar/home/yliu802/brown_cs/OceanPath/.venv/bin/python
Python 3.10.20
gpu2103:412788:412788 [1] NCCL INFO cudaDriverVersion 12090
gpu2103:412788:412788 [1] NCCL INFO Bootstrap: Using ibs8f0:172.25.217.3<0>
gpu2103:412788:412788 [1] NCCL INFO NCCL version 2.27.5+cuda12.9
gpu2103:412788:412788 [1] NCCL INFO Comm config Blocking set to 1
gpu2103:412788:412964 [1] NCCL INFO NET/Plugin: Could not find: libnccl-net.so. 
gpu2103:412788:412964 [1] NCCL INFO NET/IB : Using [0]mlx5_0:1/IB [1]mlx5_1:1/IB [RO]; OOB ibs8f0:172.25.217.3<0>
gpu2103:412788:412964 [1] NCCL INFO Initialized NET plugin IB
gpu2103:412788:412964 [1] NCCL INFO Assigned NET plugin IB to comm
gpu2103:412788:412964 [1] NCCL INFO Using network IB
gpu2103:412788:412964 [1] NCCL INFO ncclCommInitRankConfig comm 0x56163da67590 rank 1 nranks 2 cudaDev 1 nvmlDev 1 busId c1000 commId 0xe65213904572cd3 - Init START
gpu2103:412788:412964 [1] NCCL INFO RAS client listening socket at ::1<28028>
gpu2103:412788:412964 [1] NCCL INFO Bootstrap timings total 0.021026 (create 0.000021, send 0.000089, recv 0.000226, ring 0.000020, delay 0.000000)
gpu2103:412788:412964 [1] NCCL INFO P2P is disabled between connected GPUs 1 and 0. You can repress this message with NCCL_IGNORE_DISABLED_P2P=1.
gpu2103:412788:412964 [1] NCCL INFO P2P is disabled between connected GPUs 1 and 0. You can repress this message with NCCL_IGNORE_DISABLED_P2P=1.
gpu2103:412788:412964 [1] NCCL INFO P2P is disabled between connected GPUs 0 and 1. You can repress this message with NCCL_IGNORE_DISABLED_P2P=1.
gpu2103:412788:412964 [1] NCCL INFO P2P is disabled between connected GPUs 0 and 1. You can repress this message with NCCL_IGNORE_DISABLED_P2P=1.
gpu2103:412788:412964 [1] NCCL INFO P2P is disabled between connected GPUs 1 and 0. You can repress this message with NCCL_IGNORE_DISABLED_P2P=1.
gpu2103:412788:412964 [1] NCCL INFO P2P is disabled between connected GPUs 1 and 0. You can repress this message with NCCL_IGNORE_DISABLED_P2P=1.
gpu2103:412788:412964 [1] NCCL INFO P2P is disabled between connected GPUs 0 and 1. You can repress this message with NCCL_IGNORE_DISABLED_P2P=1.
gpu2103:412788:412964 [1] NCCL INFO P2P is disabled between connected GPUs 0 and 1. You can repress this message with NCCL_IGNORE_DISABLED_P2P=1.
gpu2103:412788:412964 [1] NCCL INFO Setting affinity for GPU 1 to 33-34,41-50
gpu2103:412788:412964 [1] NCCL INFO comm 0x56163da67590 rank 1 nRanks 2 nNodes 1 localRanks 2 localRank 1 MNNVL 0
gpu2103:412788:412964 [1] NCCL INFO Trees [0] -1/-1/-1->1->0 [1] 0/-1/-1->1->-1 [2] -1/-1/-1->1->0 [3] 0/-1/-1->1->-1
gpu2103:412788:412964 [1] NCCL INFO P2P Chunksize set to 131072
gpu2103:412788:412964 [1] NCCL INFO PROFILER/Plugin: Could not find: libnccl-profiler.so. 
gpu2103:412788:412964 [1] NCCL INFO P2P is disabled between connected GPUs 0 and 1. You can repress this message with NCCL_IGNORE_DISABLED_P2P=1.
gpu2103:412788:412974 [1] NCCL INFO [Proxy Service UDS] Device 1 CPU core 41
gpu2103:412788:412972 [1] NCCL INFO [Proxy Service] Device 1 CPU core 42
gpu2103:412788:412964 [1] NCCL INFO threadThresholds 8/8/64 | 16/8/64 | 512 | 512
gpu2103:412788:412964 [1] NCCL INFO 4 coll channels, 4 collnet channels, 0 nvls channels, 4 p2p channels, 2 p2p channels per peer
gpu2103:412788:412964 [1] NCCL INFO TUNER/Plugin: Could not find: libnccl-tuner.so. Using internal tuner plugin.
gpu2103:412788:412964 [1] NCCL INFO ncclCommInitRankConfig comm 0x56163da67590 rank 1 nranks 2 cudaDev 1 nvmlDev 1 busId c1000 commId 0xe65213904572cd3 - Init COMPLETE
gpu2103:412788:412964 [1] NCCL INFO Init timings - ncclCommInitRankConfig: rank 1 nranks 2 total 0.51 (kernels 0.45, alloc 0.02, bootstrap 0.02, allgathers 0.00, topo 0.01, graphs 0.00, connections 0.00, rest 0.00)
gpu2103:412788:412975 [1] NCCL INFO P2P is disabled between connected GPUs 1 and 0. You can repress this message with NCCL_IGNORE_DISABLED_P2P=1.
gpu2103:412788:412975 [1] NCCL INFO P2P is disabled between connected GPUs 1 and 0. You can repress this message with NCCL_IGNORE_DISABLED_P2P=1.
gpu2103:412787:412787 [0] NCCL INFO Bootstrap: Using ibs8f0:172.25.217.3<0>
gpu2103:412787:412787 [0] NCCL INFO cudaDriverVersion 12090
gpu2103:412787:412787 [0] NCCL INFO NCCL version 2.27.5+cuda12.9
gpu2103:412787:412787 [0] NCCL INFO Comm config Blocking set to 1
gpu2103:412787:412963 [0] NCCL INFO NET/Plugin: Could not find: libnccl-net.so. 
gpu2103:412787:412963 [0] NCCL INFO NET/IB : Using [0]mlx5_0:1/IB [1]mlx5_1:1/IB [RO]; OOB ibs8f0:172.25.217.3<0>
gpu2103:412787:412963 [0] NCCL INFO Initialized NET plugin IB
gpu2103:412787:412963 [0] NCCL INFO Assigned NET plugin IB to comm
gpu2103:412787:412963 [0] NCCL INFO Using network IB
gpu2103:412787:412963 [0] NCCL INFO ncclCommInitRankConfig comm 0x56478f875020 rank 0 nranks 2 cudaDev 0 nvmlDev 0 busId a1000 commId 0xe65213904572cd3 - Init START
gpu2103:412787:412963 [0] NCCL INFO RAS client listening socket at ::1<28028>
gpu2103:412787:412963 [0] NCCL INFO Bootstrap timings total 0.021046 (create 0.000030, send 0.000103, recv 0.000176, ring 0.020416, delay 0.000000)
gpu2103:412787:412963 [0] NCCL INFO P2P is disabled between connected GPUs 1 and 0. You can repress this message with NCCL_IGNORE_DISABLED_P2P=1.
gpu2103:412787:412963 [0] NCCL INFO P2P is disabled between connected GPUs 1 and 0. You can repress this message with NCCL_IGNORE_DISABLED_P2P=1.
gpu2103:412787:412963 [0] NCCL INFO P2P is disabled between connected GPUs 0 and 1. You can repress this message with NCCL_IGNORE_DISABLED_P2P=1.
gpu2103:412787:412963 [0] NCCL INFO P2P is disabled between connected GPUs 0 and 1. You can repress this message with NCCL_IGNORE_DISABLED_P2P=1.
gpu2103:412787:412963 [0] NCCL INFO P2P is disabled between connected GPUs 1 and 0. You can repress this message with NCCL_IGNORE_DISABLED_P2P=1.
gpu2103:412787:412963 [0] NCCL INFO P2P is disabled between connected GPUs 1 and 0. You can repress this message with NCCL_IGNORE_DISABLED_P2P=1.
gpu2103:412787:412963 [0] NCCL INFO P2P is disabled between connected GPUs 0 and 1. You can repress this message with NCCL_IGNORE_DISABLED_P2P=1.
gpu2103:412787:412963 [0] NCCL INFO P2P is disabled between connected GPUs 0 and 1. You can repress this message with NCCL_IGNORE_DISABLED_P2P=1.
gpu2103:412787:412963 [0] NCCL INFO Setting affinity for GPU 0 to 33-34,41-50
gpu2103:412787:412963 [0] NCCL INFO comm 0x56478f875020 rank 0 nRanks 2 nNodes 1 localRanks 2 localRank 0 MNNVL 0
gpu2103:412787:412963 [0] NCCL INFO Channel 00/04 : 0 1
gpu2103:412787:412963 [0] NCCL INFO Channel 01/04 : 0 1
gpu2103:412787:412963 [0] NCCL INFO Channel 02/04 : 0 1
gpu2103:412787:412963 [0] NCCL INFO Channel 03/04 : 0 1
gpu2103:412787:412963 [0] NCCL INFO Trees [0] 1/-1/-1->0->-1 [1] -1/-1/-1->0->1 [2] 1/-1/-1->0->-1 [3] -1/-1/-1->0->1
gpu2103:412787:412963 [0] NCCL INFO P2P Chunksize set to 131072
gpu2103:412787:412963 [0] NCCL INFO PROFILER/Plugin: Could not find: libnccl-profiler.so. 
gpu2103:412787:412963 [0] NCCL INFO P2P is disabled between connected GPUs 0 and 1. You can repress this message with NCCL_IGNORE_DISABLED_P2P=1.
gpu2103:412787:412963 [0] NCCL INFO Check P2P Type isAllDirectP2p 0 directMode 0
gpu2103:412787:412973 [0] NCCL INFO [Proxy Service UDS] Device 0 CPU core 41
gpu2103:412787:412971 [0] NCCL INFO [Proxy Service] Device 0 CPU core 42
gpu2103:412787:412963 [0] NCCL INFO threadThresholds 8/8/64 | 16/8/64 | 512 | 512
gpu2103:412787:412963 [0] NCCL INFO 4 coll channels, 4 collnet channels, 0 nvls channels, 4 p2p channels, 2 p2p channels per peer
gpu2103:412787:412963 [0] NCCL INFO CC Off, workFifoBytes 1048576
gpu2103:412787:412963 [0] NCCL INFO TUNER/Plugin: Could not find: libnccl-tuner.so. Using internal tuner plugin.
gpu2103:412787:412963 [0] NCCL INFO ncclCommInitRankConfig comm 0x56478f875020 rank 0 nranks 2 cudaDev 0 nvmlDev 0 busId a1000 commId 0xe65213904572cd3 - Init COMPLETE
gpu2103:412787:412963 [0] NCCL INFO Init timings - ncclCommInitRankConfig: rank 0 nranks 2 total 0.52 (kernels 0.46, alloc 0.02, bootstrap 0.02, allgathers 0.00, topo 0.01, graphs 0.00, connections 0.00, rest 0.00)
gpu2103:412787:412976 [0] NCCL INFO P2P is disabled b┏━━━┳━━━━━━━━━━━━┳━━━━━━━━━━━━┳━━━━━━━━┳━━━━━━━┳━━━━━━━┓
┃   ┃ Name       ┃ Type       ┃ Params ┃ Mode  ┃ FLOPs ┃
┡━━━╇━━━━━━━━━━━━╇━━━━━━━━━━━━╇━━━━━━━━╇━━━━━━━╇━━━━━━━┩
│ 0 │ aggregator │ ABMIL      │  1.2 M │ train │     0 │
│ 1 │ projector  │ Projector  │  5.8 M │ train │     0 │
│ 2 │ loss_fn    │ VICRegLoss │      0 │ train │     0 │
└───┴────────────┴────────────┴────────┴───────┴───────┘
Trainable params: 7.0 M                                                         
Non-trainable params: 0                                                         
Total params: 7.0 M                                                             
Total estimated model params size (MB): 27                                      
Modules in train mode: 22                                                       
Modules in eval mode: 0                                                         
Total FLOPs: 0                                                                  
gpu2103:412788:412975 [1] NCCL INFO P2P is disabled between connected GPUs 1 and 0. You can repress this message with NCCL_IGNORE_DI