## SLURM PROLOG ###############################################################
##    Job ID : 1133174
##  Job Name : oceanpath_pretrain
##  Nodelist : gpu2503
##      CPUs : 2
##  Mem/Node : 196608 MB
## Directory : /oscar/home/yliu802/brown_cs/OceanPath
##   Job Started : Mon Mar 30 17:29:24 EDT 2026
###############################################################################
Node: gpu2503
Tasks: 2  CPUs/task: 6
index, name, memory.total [MiB]
0, NVIDIA RTX A5500, 24564 MiB
1, NVIDIA RTX A5500, 24564 MiB
Python: /oscar/home/yliu802/brown_cs/OceanPath/.venv/bin/python
Python 3.10.20
┏━━━┳━━━━━━━━━━━━┳━━━━━━━━━━━━┳━━━━━━━━┳━━━━━━━┳━━━━━━━┓
┃   ┃ Name       ┃ Type       ┃ Params ┃ Mode  ┃ FLOPs ┃
┡━━━╇━━━━━━━━━━━━╇━━━━━━━━━━━━╇━━━━━━━━╇━━━━━━━╇━━━━━━━┩
│ 0 │ aggregator │ ABMIL      │  1.2 M │ train │     0 │
│ 1 │ projector  │ Projector  │  5.8 M │ train │     0 │
│ 2 │ loss_fn    │ VICRegLoss │      0 │ train │     0 │
└───┴────────────┴────────────┴────────┴───────┴───────┘
Trainable params: 7.0 M                                                         
Non-trainable params: 0                                                         
Total params: 7.0 M                                                             
Total estimated model params size (MB): 27                                      
Modules in train mode: 22                                                       
Modules in eval mode: 0                                                         
Total FLOPs: 0                                                                  
