2026-03-30 17:21:20,500 | INFO    | exp=pretrain_uni2h_pretrain_uni2h_abmil_vicreg | Config saved to /users/yliu802/scratch/outputs/pretrain/pretrain_uni2h_pretrain_uni2h_abmil_vicreg/config.yaml
2026-03-30 17:21:20,500 | INFO    | exp=pretrain_uni2h_pretrain_uni2h_abmil_vicreg | SSL Pretraining: method=vicreg, arch=abmil, data=uni2h_pretrain, encoder=uni2h
[rank: 1] Seed set to 42
2026-03-30 17:21:20,504 | INFO    | exp=pretrain_uni2h_pretrain_uni2h_abmil_vicreg | Config saved to /users/yliu802/scratch/outputs/pretrain/pretrain_uni2h_pretrain_uni2h_abmil_vicreg/config.yaml
2026-03-30 17:21:20,504 | INFO    | exp=pretrain_uni2h_pretrain_uni2h_abmil_vicreg | SSL Pretraining: method=vicreg, arch=abmil, data=uni2h_pretrain, encoder=uni2h
[rank: 0] Seed set to 42
2026-03-30 17:21:20,510 | INFO    | exp=pretrain_uni2h_pretrain_uni2h_abmil_vicreg | Mmap directory: /users/yliu802/scratch/uni2h_pretrain_512
2026-03-30 17:21:20,510 | INFO    | exp=pretrain_uni2h_pretrain_uni2h_abmil_vicreg | Mmap directory: /users/yliu802/scratch/uni2h_pretrain_512
2026-03-30 17:21:20,573 | INFO    | exp=pretrain_uni2h_pretrain_uni2h_abmil_vicreg | Model params: 6,952,833 total, 6,952,833 trainable
2026-03-30 17:21:20,573 | INFO    | exp=pretrain_uni2h_pretrain_uni2h_abmil_vicreg | Model params: 6,952,833 total, 6,952,833 trainable
Using bfloat16 Automatic Mixed Precision (AMP)
GPU available: True (cuda), used: True
TPU available: False, using: 0 TPU cores
💡 Tip: For seamless cloud logging and experiment tracking, try installing [litlogger](https://pypi.org/project/litlogger/) to enable LitLogger, which logs metrics and artifacts automatically to the Lightning Experiments platform.
You are using a CUDA device ('NVIDIA GeForce RTX 3090') that has Tensor Cores. To properly utilize them, you should set `torch.set_float32_matmul_precision('medium' | 'high')` which will trade-off precision for performance. For more details, read https://pytorch.org/docs/stable/generated/torch.set_float32_matmul_precision.html#torch.set_float32_matmul_precision
Initializing distributed: GLOBAL_RANK: 0, MEMBER: 1/2
Initializing distributed: GLOBAL_RANK: 1, MEMBER: 2/2
----------------------------------------------------------------------------------------------------
distributed_backend=nccl
All distributed processes registered. Starting with 2 processes
----------------------------------------------------------------------------------------------------

wandb: WARNING The anonymous setting has no effect and will be removed in a future version.
wandb: [wandb.login()] Loaded credentials for https://api.wandb.ai from /users/yliu802/.netrc.
wandb: Currently logged in as: eriksenliu2001 (eriksenliu2001-brown-university) to https://api.wandb.ai. Use `wandb login --relogin` to force relogin
wandb: setting up run cyuo3bn7
wandb: Tracking run with wandb version 0.25.0
wandb: Run data is saved locally in /users/yliu802/scratch/outputs/pretrain/pretrain_uni2h_pretrain_uni2h_abmil_vicreg/wandb/run-20260330_172123-cyuo3bn7
wandb: Run `wandb offline` to turn off syncing.
wandb: Syncing run pretrain_uni2h_pretrain_uni2h_abmil_vicreg
wandb: ⭐️ View project at https://wandb.ai/eriksenliu2001-brown-university/oceanpath-pretrain
wandb: 🚀 View run at https://wandb.ai/eriksenliu2001-brown-university/oceanpath-pretrain/runs/cyuo3bn7
2026-03-30 17:21:25,995 | INFO    | exp=pretrain_uni2h_pretrain_uni2h_abmil_vicreg | Loaded 17068 slide IDs for pretraining
2026-03-30 17:21:25,995 | INFO    | exp=pretrain_uni2h_pretrain_uni2h_abmil_vicreg | Loaded 17068 slide IDs for pretraining
2026-03-30 17:21:25,998 | INFO    | exp=pretrain_uni2h_pretrain_uni2h_abmil_vicreg | Train/val split: 16215 train, 853 val (val_frac=0.05, seed=42)
2026-03-30 17:21:25,999 | INFO    | exp=pretrain_uni2h_pretrain_uni2h_abmil_vicreg | Train/val split: 16215 train, 853 val (val_frac=0.05, seed=42)
2026-03-30 17:21:55,112 | INFO    | exp=pretrain_uni2h_pretrain_uni2h_abmil_vicreg | Preloaded coords: 16215 slides, 1111.2 MB
2026-03-30 17:21:55,112 | INFO    | exp=pretrain_uni2h_pretrain_uni2h_abmil_vicreg | Preloaded coords: 16215 slides, 1111.2 MB
2026-03-30 17:21:55,129 | INFO    | exp=pretrain_uni2h_pretrain_uni2h_abmil_vicreg | PretrainDataset: 16215 slides, feat_dim=1536, dataset_max_instances=6144, pre_cap_mode=random
2026-03-30 17:21:55,130 | INFO    | exp=pretrain_uni2h_pretrain_uni2h_abmil_vicreg | PretrainDataset: 16215 slides, feat_dim=1536, dataset_max_instances=6144, pre_cap_mode=random
2026-03-30 17:21:55,798 | INFO    | exp=pretrain_uni2h_pretrain_uni2h_abmil_vicreg | Preloaded coords: 853 slides, 57.6 MB
2026-03-30 17:21:55,798 | INFO    | exp=pretrain_uni2h_pretrain_uni2h_abmil_vicreg | Preloaded coords: 853 slides, 57.6 MB
2026-03-30 17:21:55,801 | INFO    | exp=pretrain_uni2h_pretrain_uni2h_abmil_vicreg | PretrainDataset: 853 slides, feat_dim=1536, dataset_max_instances=6144, pre_cap_mode=random
2026-03-30 17:21:55,801 | INFO    | exp=pretrain_uni2h_pretrain_uni2h_abmil_vicreg | PretrainDataset: 853 slides, feat_dim=1536, dataset_max_instances=6144, pre_cap_mode=random
2026-03-30 17:21:55,805 | INFO    | exp=pretrain_uni2h_pretrain_uni2h_abmil_vicreg | Bag sizes — train: mean=8566, median=7095, max=67820
2026-03-30 17:21:55,805 | INFO    | exp=pretrain_uni2h_pretrain_uni2h_abmil_vicreg | Bag sizes — train: mean=8566, median=7095, max=67820
2026-03-30 17:21:55,805 | INFO    | exp=pretrain_uni2h_pretrain_uni2h_abmil_vicreg | Bag sizes — val: mean=8437, median=6845, max=38768
2026-03-30 17:21:55,806 | INFO    | exp=pretrain_uni2h_pretrain_uni2h_abmil_vicreg | Bag sizes — val: mean=8437, median=6845, max=38768
LOCAL_RANK: 0 - CUDA_VISIBLE_DEVICES: [0,1]
LOCAL_RANK: 1 - CUDA_VISIBLE_DEVICES: [0,1]
/oscar/home/yliu802/brown_cs/OceanPath/.venv/lib/python3.10/site-packages/lightning/pytorch/utilities/model_summary/model_summary.py:242: Precision bf16-mixed is not supported by the model summary.  Estimated model size in MB will not be accurate. Using 32 bits instead.
SLURM auto-requeueing enabled. Setting signal handlers.
SLURM auto-requeueing enabled. Setting signal handlers.
/oscar/home/yliu802/brown_cs/OceanPath/.venv/lib/python3.10/site-packages/lightning/pytorch/utilities/_pytree.py:21: `isinstance(treespec, LeafSpec)` is deprecated, use `isinstance(treespec, TreeSpec) and treespec.is_leaf()` instead.
/oscar/home/yliu802/brown_cs/OceanPath/.venv/lib/python3.10/site-packages/lightning/pytorch/utilities/_pytree.py:21: `isinstance(treespec, LeafSpec)` is deprecated, use `isinstance(treespec, TreeSpec) and treespec.is_leaf()` instead.
/oscar/home/yliu802/brown_cs/OceanPath/.venv/lib/python3.10/site-packages/lightning/pytorch/utilities/data.py:79: Trying to infer the `batch_size` from an ambiguous collection. The batch size we found is 128. To avoid any miscalculations, use `self.log(..., batch_size=batch_size)`.
2026-03-30 17:23:04,746 | INFO    | exp=pretrain_uni2h_pretrain_uni2h_abmil_vicreg | [RankMe] epoch=0: rankme=194.9, ratio=0.381 (D=512)
2026-03-30 17:23:04,779 | INFO    | exp=pretrain_uni2h_pretrain_uni2h_abmil_vicreg | [alpha-ReQ] epoch=0: alpha=0.948
2026-03-30 17:23:08,525 | INFO    | exp=pretrain_uni2h_pretrain_uni2h_abmil_vicreg | [RankMe] epoch=0: rankme=195.3, ratio=0.381 (D=512)
2026-03-30 17:23:08,530 | INFO    | exp=pretrain_uni2h_pretrain_uni2h_abmil_vicreg | [alpha-ReQ] epoch=0: alpha=0.941
[2026-03-30T17:24:17.254] error: Detected 3 oom_kill events in StepId=1133002.0. Some of the step tasks have been OOM Killed.
srun: error: gpu2103: tasks 0-1: Out Of Memory
