2026-03-30 17:30:04,717 | INFO    | exp=pretrain_uni2h_pretrain_uni2h_abmil_vicreg | Config saved to /users/yliu802/scratch/outputs/pretrain/pretrain_uni2h_pretrain_uni2h_abmil_vicreg/config.yaml
2026-03-30 17:30:04,717 | INFO    | exp=pretrain_uni2h_pretrain_uni2h_abmil_vicreg | SSL Pretraining: method=vicreg, arch=abmil, data=uni2h_pretrain, encoder=uni2h
[rank: 0] Seed set to 42
2026-03-30 17:30:04,723 | INFO    | exp=pretrain_uni2h_pretrain_uni2h_abmil_vicreg | Config saved to /users/yliu802/scratch/outputs/pretrain/pretrain_uni2h_pretrain_uni2h_abmil_vicreg/config.yaml
2026-03-30 17:30:04,723 | INFO    | exp=pretrain_uni2h_pretrain_uni2h_abmil_vicreg | SSL Pretraining: method=vicreg, arch=abmil, data=uni2h_pretrain, encoder=uni2h
[rank: 1] Seed set to 42
2026-03-30 17:30:04,748 | INFO    | exp=pretrain_uni2h_pretrain_uni2h_abmil_vicreg | Mmap directory: /users/yliu802/scratch/uni2h_pretrain_512
2026-03-30 17:30:04,748 | INFO    | exp=pretrain_uni2h_pretrain_uni2h_abmil_vicreg | Mmap directory: /users/yliu802/scratch/uni2h_pretrain_512
2026-03-30 17:30:04,814 | INFO    | exp=pretrain_uni2h_pretrain_uni2h_abmil_vicreg | Model params: 6,952,833 total, 6,952,833 trainable
2026-03-30 17:30:04,814 | INFO    | exp=pretrain_uni2h_pretrain_uni2h_abmil_vicreg | Model params: 6,952,833 total, 6,952,833 trainable
Using bfloat16 Automatic Mixed Precision (AMP)
GPU available: True (cuda), used: True
TPU available: False, using: 0 TPU cores
💡 Tip: For seamless cloud logging and experiment tracking, try installing [litlogger](https://pypi.org/project/litlogger/) to enable LitLogger, which logs metrics and artifacts automatically to the Lightning Experiments platform.
You are using a CUDA device ('NVIDIA RTX A5500') that has Tensor Cores. To properly utilize them, you should set `torch.set_float32_matmul_precision('medium' | 'high')` which will trade-off precision for performance. For more details, read https://pytorch.org/docs/stable/generated/torch.set_float32_matmul_precision.html#torch.set_float32_matmul_precision
Initializing distributed: GLOBAL_RANK: 0, MEMBER: 1/2
Initializing distributed: GLOBAL_RANK: 1, MEMBER: 2/2
----------------------------------------------------------------------------------------------------
distributed_backend=nccl
All distributed processes registered. Starting with 2 processes
----------------------------------------------------------------------------------------------------

wandb: WARNING The anonymous setting has no effect and will be removed in a future version.
wandb: [wandb.login()] Loaded credentials for https://api.wandb.ai from /users/yliu802/.netrc.
wandb: Currently logged in as: eriksenliu2001 (eriksenliu2001-brown-university) to https://api.wandb.ai. Use `wandb login --relogin` to force relogin
wandb: setting up run xc3y00hf
wandb: Tracking run with wandb version 0.25.0
wandb: Run data is saved locally in /users/yliu802/scratch/outputs/pretrain/pretrain_uni2h_pretrain_uni2h_abmil_vicreg/wandb/run-20260330_173006-xc3y00hf
wandb: Run `wandb offline` to turn off syncing.
wandb: Syncing run pretrain_uni2h_pretrain_uni2h_abmil_vicreg
wandb: ⭐️ View project at https://wandb.ai/eriksenliu2001-brown-university/oceanpath-pretrain
wandb: 🚀 View run at https://wandb.ai/eriksenliu2001-brown-university/oceanpath-pretrain/runs/xc3y00hf
2026-03-30 17:30:09,573 | INFO    | exp=pretrain_uni2h_pretrain_uni2h_abmil_vicreg | Loaded 17068 slide IDs for pretraining
2026-03-30 17:30:09,574 | INFO    | exp=pretrain_uni2h_pretrain_uni2h_abmil_vicreg | Loaded 17068 slide IDs for pretraining
2026-03-30 17:30:09,578 | INFO    | exp=pretrain_uni2h_pretrain_uni2h_abmil_vicreg | Train/val split: 16215 train, 853 val (val_frac=0.05, seed=42)
2026-03-30 17:30:09,579 | INFO    | exp=pretrain_uni2h_pretrain_uni2h_abmil_vicreg | Train/val split: 16215 train, 853 val (val_frac=0.05, seed=42)
2026-03-30 17:30:38,783 | INFO    | exp=pretrain_uni2h_pretrain_uni2h_abmil_vicreg | Preloaded coords: 16215 slides, 1111.2 MB
2026-03-30 17:30:38,783 | INFO    | exp=pretrain_uni2h_pretrain_uni2h_abmil_vicreg | Preloaded coords: 16215 slides, 1111.2 MB
2026-03-30 17:30:38,807 | INFO    | exp=pretrain_uni2h_pretrain_uni2h_abmil_vicreg | PretrainDataset: 16215 slides, feat_dim=1536, dataset_max_instances=6144, pre_cap_mode=random
2026-03-30 17:30:38,814 | INFO    | exp=pretrain_uni2h_pretrain_uni2h_abmil_vicreg | PretrainDataset: 16215 slides, feat_dim=1536, dataset_max_instances=6144, pre_cap_mode=random
2026-03-30 17:30:39,472 | INFO    | exp=pretrain_uni2h_pretrain_uni2h_abmil_vicreg | Preloaded coords: 853 slides, 57.6 MB
2026-03-30 17:30:39,473 | INFO    | exp=pretrain_uni2h_pretrain_uni2h_abmil_vicreg | Preloaded coords: 853 slides, 57.6 MB
2026-03-30 17:30:39,475 | INFO    | exp=pretrain_uni2h_pretrain_uni2h_abmil_vicreg | PretrainDataset: 853 slides, feat_dim=1536, dataset_max_instances=6144, pre_cap_mode=random
2026-03-30 17:30:39,476 | INFO    | exp=pretrain_uni2h_pretrain_uni2h_abmil_vicreg | PretrainDataset: 853 slides, feat_dim=1536, dataset_max_instances=6144, pre_cap_mode=random
2026-03-30 17:30:39,480 | INFO    | exp=pretrain_uni2h_pretrain_uni2h_abmil_vicreg | Bag sizes — train: mean=8566, median=7095, max=67820
2026-03-30 17:30:39,480 | INFO    | exp=pretrain_uni2h_pretrain_uni2h_abmil_vicreg | Bag sizes — train: mean=8566, median=7095, max=67820
2026-03-30 17:30:39,480 | INFO    | exp=pretrain_uni2h_pretrain_uni2h_abmil_vicreg | Bag sizes — val: mean=8437, median=6845, max=38768
2026-03-30 17:30:39,480 | INFO    | exp=pretrain_uni2h_pretrain_uni2h_abmil_vicreg | Bag sizes — val: mean=8437, median=6845, max=38768
LOCAL_RANK: 0 - CUDA_VISIBLE_DEVICES: [0,1]
LOCAL_RANK: 1 - CUDA_VISIBLE_DEVICES: [0,1]
/oscar/home/yliu802/brown_cs/OceanPath/.venv/lib/python3.10/site-packages/lightning/pytorch/utilities/model_summary/model_summary.py:242: Precision bf16-mixed is not supported by the model summary.  Estimated model size in MB will not be accurate. Using 32 bits instead.
SLURM auto-requeueing enabled. Setting signal handlers.
SLURM auto-requeueing enabled. Setting signal handlers.
/oscar/home/yliu802/brown_cs/OceanPath/.venv/lib/python3.10/site-packages/lightning/pytorch/utilities/_pytree.py:21: `isinstance(treespec, LeafSpec)` is deprecated, use `isinstance(treespec, TreeSpec) and treespec.is_leaf()` instead.
/oscar/home/yliu802/brown_cs/OceanPath/.venv/lib/python3.10/site-packages/lightning/pytorch/utilities/_pytree.py:21: `isinstance(treespec, LeafSpec)` is deprecated, use `isinstance(treespec, TreeSpec) and treespec.is_leaf()` instead.
/oscar/home/yliu802/brown_cs/OceanPath/.venv/lib/python3.10/site-packages/lightning/pytorch/utilities/data.py:79: Trying to infer the `batch_size` from an ambiguous collection. The batch size we found is 128. To avoid any miscalculations, use `self.log(..., batch_size=batch_size)`.
2026-03-30 17:31:46,527 | INFO    | exp=pretrain_uni2h_pretrain_uni2h_abmil_vicreg | [RankMe] epoch=0: rankme=194.8, ratio=0.380 (D=512)
2026-03-30 17:31:46,553 | INFO    | exp=pretrain_uni2h_pretrain_uni2h_abmil_vicreg | [alpha-ReQ] epoch=0: alpha=0.952
2026-03-30 17:31:49,802 | INFO    | exp=pretrain_uni2h_pretrain_uni2h_abmil_vicreg | [RankMe] epoch=0: rankme=195.5, ratio=0.382 (D=512)
2026-03-30 17:31:49,807 | INFO    | exp=pretrain_uni2h_pretrain_uni2h_abmil_vicreg | [alpha-ReQ] epoch=0: alpha=0.938
/oscar/home/yliu802/brown_cs/OceanPath/.venv/lib/python3.10/site-packages/torch/autograd/graph.py:865: UserWarning: The AccumulateGrad node's stream does not match the stream of the node that produced the incoming gradient. This may incur unnecessary synchronization and break CUDA graph capture if the AccumulateGrad node's stream is the default stream. This mismatch is caused by an AccumulateGrad node created prior to the current iteration being kept alive. This can happen if the autograd graph is still being kept alive by tensors such as the loss, or if you are using DDP, which will stash a reference to the node. To resolve the mismatch, delete all references to the autograd graph or ensure that DDP initialization is performed under the same stream as subsequent forwards. If the mismatch is intentional, you can use torch.autograd.graph.set_warn_on_accumulate_grad_stream_mismatch(False) to suppress this warning. (Triggered internally at /pytorch/torch/csrc/autograd/input_buffer.cpp:240.)
  return Variable._execution_engine.run_backward(  # Calls into the C++ engine to run the backward pass
/oscar/home/yliu802/brown_cs/OceanPath/.venv/lib/python3.10/site-packages/torch/autograd/graph.py:865: UserWarning: The AccumulateGrad node's stream does not match the stream of the node that produced the incoming gradient. This may incur unnecessary synchronization and break CUDA graph capture if the AccumulateGrad node's stream is the default stream. This mismatch is caused by an AccumulateGrad node created prior to the current iteration being kept alive. This can happen if the autograd graph is still being kept alive by tensors such as the loss, or if you are using DDP, which will stash a reference to the node. To resolve the mismatch, delete all references to the autograd graph or ensure that DDP initialization is performed under the same stream as subsequent forwards. If the mismatch is intentional, you can use torch.autograd.graph.set_warn_on_accumulate_grad_stream_mismatch(False) to suppress this warning. (Triggered internally at /pytorch/torch/csrc/autograd/input_buffer.cpp:240.)
  return Variable._execution_engine.run_backward(  # Calls into the C++ engine to run the backward pass
/oscar/home/yliu802/brown_cs/OceanPath/.venv/lib/python3.10/site-packages/lightning/pytorch/utilities/data.py:79: Trying to infer the `batch_size` from an ambiguous collection. The batch size we found is 43. To avoid any miscalculations, use `self.log(..., batch_size=batch_size)`.
2026-03-30 17:43:14,671 | INFO    | exp=pretrain_uni2h_pretrain_uni2h_abmil_vicreg | [RankMe] epoch=0: rankme=254.6, ratio=0.497 (D=512)
2026-03-30 17:43:14,671 | INFO    | exp=pretrain_uni2h_pretrain_uni2h_abmil_vicreg | [RankMe] epoch=0: rankme=254.8, ratio=0.498 (D=512)
2026-03-30 17:43:14,734 | INFO    | exp=pretrain_uni2h_pretrain_uni2h_abmil_vicreg | [alpha-ReQ] epoch=0: alpha=1.209
2026-03-30 17:43:14,734 | INFO    | exp=pretrain_uni2h_pretrain_uni2h_abmil_vicreg | [alpha-ReQ] epoch=0: alpha=1.206
[2026-03-30T18:04:42.188] error: *** STEP 1133174.0 ON gpu2503 CANCELLED AT 2026-03-30T18:04:42 DUE to SIGNAL Terminated ***
[2026-03-30T18:04:42.189] error: *** JOB 1133174 ON gpu2503 CANCELLED AT 2026-03-30T18:04:42 DUE to SIGNAL Terminated ***
srun: Job step aborted: Waiting up to 182 seconds for job step to finish.
[rank: 0] Received SIGTERM: 15
[rank: 1] Received SIGTERM: 15
Bypassing SIGTERM: 15
Bypassing SIGTERM: 15
